gke-demo-demo-a0bd61cd-tlw2 ~ # ip addr
1: lo: <LOOPBACK,UP,LOWER_UP> mtu 65536 qdisc noqueue state UNKNOWN group default qlen 1000
    link/loopback 00:00:00:00:00:00 brd 00:00:00:00:00:00
    inet 127.0.0.1/8 scope host lo
       valid_lft forever preferred_lft forever
    inet6 ::1/128 scope host
       valid_lft forever preferred_lft forever
2: eth0: <BROADCAST,MULTICAST,UP,LOWER_UP> mtu 1460 qdisc pfifo_fast state UP group default qlen 1000
    link/ether 42:01:0a:92:00:20 brd ff:ff:ff:ff:ff:ff
    inet 10.146.0.32/32 brd 10.146.0.32 scope global dynamic eth0
       valid_lft 85826sec preferred_lft 85826sec
    inet6 fe80::4001:aff:fe92:20/64 scope link
       valid_lft forever preferred_lft forever
3: docker0: <NO-CARRIER,BROADCAST,MULTICAST,UP> mtu 1500 qdisc noqueue state DOWN group default
    link/ether 02:42:ab:06:88:b4 brd ff:ff:ff:ff:ff:ff
    inet 169.254.123.1/24 brd 169.254.123.255 scope global docker0
       valid_lft forever preferred_lft forever
4: cbr0: <BROADCAST,MULTICAST,PROMISC,UP,LOWER_UP> mtu 1460 qdisc htb state UP group default qlen 1000
    link/ether 2a:1c:7d:ea:6a:3e brd ff:ff:ff:ff:ff:ff
    inet 172.16.2.1/24 scope global cbr0
       valid_lft forever preferred_lft forever
    inet6 fe80::281c:7dff:feea:6a3e/64 scope link
       valid_lft forever preferred_lft forever
5: vethb979abc5@if3: <BROADCAST,MULTICAST,UP,LOWER_UP> mtu 1460 qdisc noqueue master cbr0 state UP group default
    link/ether 16:08:c3:7d:bb:0a brd ff:ff:ff:ff:ff:ff link-netnsid 0
    inet6 fe80::1408:c3ff:fe7d:bb0a/64 scope link
       valid_lft forever preferred_lft forever
6: veth98241064@if3: <BROADCAST,MULTICAST,UP,LOWER_UP> mtu 1460 qdisc noqueue master cbr0 state UP group default
    link/ether fe:b7:2c:5b:4c:21 brd ff:ff:ff:ff:ff:ff link-netnsid 1
    inet6 fe80::fcb7:2cff:fe5b:4c21/64 scope link
       valid_lft forever preferred_lft forever
7: veth3d80b3a5@if3: <BROADCAST,MULTICAST,UP,LOWER_UP> mtu 1460 qdisc noqueue master cbr0 state UP group default
    link/ether ee:95:c0:bb:0a:39 brd ff:ff:ff:ff:ff:ff link-netnsid 2
    inet6 fe80::ec95:c0ff:febb:a39/64 scope link
       valid_lft forever preferred_lft forever
8: veth2eecc5ab@if3: <BROADCAST,MULTICAST,UP,LOWER_UP> mtu 1460 qdisc noqueue master cbr0 state UP group default
    link/ether b2:72:d8:55:36:6e brd ff:ff:ff:ff:ff:ff link-netnsid 3
    inet6 fe80::b072:d8ff:fe55:366e/64 scope link
       valid_lft forever preferred_lft forever
9: veth55e7d806@if3: <BROADCAST,MULTICAST,UP,LOWER_UP> mtu 1460 qdisc noqueue master cbr0 state UP group default
    link/ether e2:e9:83:7d:81:9e brd ff:ff:ff:ff:ff:ff link-netnsid 4
    inet6 fe80::e0e9:83ff:fe7d:819e/64 scope link
       valid_lft forever preferred_lft forever
10: veth8ae593d3@if3: <BROADCAST,MULTICAST,UP,LOWER_UP> mtu 1460 qdisc noqueue master cbr0 state UP group default
    link/ether be:c0:a3:42:be:0c brd ff:ff:ff:ff:ff:ff link-netnsid 5
    inet6 fe80::bcc0:a3ff:fe42:be0c/64 scope link
       valid_lft forever preferred_lft forever
11: vetha8bb2ce4@if3: <BROADCAST,MULTICAST,UP,LOWER_UP> mtu 1460 qdisc noqueue master cbr0 state UP group default
    link/ether fa:75:97:47:d8:a0 brd ff:ff:ff:ff:ff:ff link-netnsid 6
    inet6 fe80::f875:97ff:fe47:d8a0/64 scope link
       valid_lft forever preferred_lft forever


gke-demo-demo-a0bd61cd-28n5 ~ # ip addr
1: lo: <LOOPBACK,UP,LOWER_UP> mtu 65536 qdisc noqueue state UNKNOWN group default qlen 1000
    link/loopback 00:00:00:00:00:00 brd 00:00:00:00:00:00
    inet 127.0.0.1/8 scope host lo
       valid_lft forever preferred_lft forever
    inet6 ::1/128 scope host
       valid_lft forever preferred_lft forever
2: eth0: <BROADCAST,MULTICAST,UP,LOWER_UP> mtu 1460 qdisc pfifo_fast state UP group default qlen 1000
    link/ether 42:01:0a:92:0f:da brd ff:ff:ff:ff:ff:ff
    inet 10.146.15.218/32 brd 10.146.15.218 scope global dynamic eth0
       valid_lft 85764sec preferred_lft 85764sec
    inet6 fe80::4001:aff:fe92:fda/64 scope link
       valid_lft forever preferred_lft forever
3: docker0: <NO-CARRIER,BROADCAST,MULTICAST,UP> mtu 1500 qdisc noqueue state DOWN group default
    link/ether 02:42:a6:58:bc:ad brd ff:ff:ff:ff:ff:ff
    inet 169.254.123.1/24 brd 169.254.123.255 scope global docker0
       valid_lft forever preferred_lft forever
4: cbr0: <BROADCAST,MULTICAST,PROMISC,UP,LOWER_UP> mtu 1460 qdisc htb state UP group default qlen 1000
    link/ether b2:86:36:aa:5c:62 brd ff:ff:ff:ff:ff:ff
    inet 172.16.1.1/24 scope global cbr0
       valid_lft forever preferred_lft forever
    inet6 fe80::b086:36ff:feaa:5c62/64 scope link
       valid_lft forever preferred_lft forever
7: vethc3889613@if3: <BROADCAST,MULTICAST,UP,LOWER_UP> mtu 1460 qdisc noqueue master cbr0 state UP group default
    link/ether 32:05:0b:fc:6d:c3 brd ff:ff:ff:ff:ff:ff link-netnsid 2
    inet6 fe80::3005:bff:fefc:6dc3/64 scope link
       valid_lft forever preferred_lft forever
9: veth6d6be7bf@if3: <BROADCAST,MULTICAST,UP,LOWER_UP> mtu 1460 qdisc noqueue master cbr0 state UP group default
    link/ether 66:4e:08:9e:eb:a3 brd ff:ff:ff:ff:ff:ff link-netnsid 4
    inet6 fe80::644e:8ff:fe9e:eba3/64 scope link
       valid_lft forever preferred_lft forever
10: veth874a5198@if3: <BROADCAST,MULTICAST,UP,LOWER_UP> mtu 1460 qdisc noqueue master cbr0 state UP group default
    link/ether 8e:73:f5:c9:91:9d brd ff:ff:ff:ff:ff:ff link-netnsid 5
    inet6 fe80::8c73:f5ff:fec9:919d/64 scope link
       valid_lft forever preferred_lft forever
11: vetha6f81958@if3: <BROADCAST,MULTICAST,UP,LOWER_UP> mtu 1460 qdisc noqueue master cbr0 state UP group default
    link/ether f2:c7:bb:8e:ec:0a brd ff:ff:ff:ff:ff:ff link-netnsid 6
    inet6 fe80::f0c7:bbff:fe8e:ec0a/64 scope link
       valid_lft forever preferred_lft forever